05-05 06:12:51 com_github_MitjaNemec_PlaceFootprints.action_place_footprints 674:Plugin executed on: 'win32'
05-05 06:12:51 com_github_MitjaNemec_PlaceFootprints.action_place_footprints 675:Plugin executed with python version: '3.11.5 (main, Jan 23 2026, 07:39:48) [MSC v.1944 64 bit (AMD64)]'
05-05 06:12:51 com_github_MitjaNemec_PlaceFootprints.action_place_footprints 676:KiCad build version: 10.0.1
05-05 06:12:51 com_github_MitjaNemec_PlaceFootprints.action_place_footprints 677:Plugin version: 5.0.0

05-05 06:12:51 com_github_MitjaNemec_PlaceFootprints.action_place_footprints 678:Frame repr: <wx._core.Frame object at 0x0000025488D16830>
05-05 06:12:51 com_github_MitjaNemec_PlaceFootprints.place_footprints 121:getting a list of all footprints on board
05-05 06:12:51 com_github_MitjaNemec_PlaceFootprints.place_footprints 156:Footprint Y2 on root level
05-05 06:12:51 com_github_MitjaNemec_PlaceFootprints.place_footprints 156:Footprint Y1 on root level
05-05 06:12:51 com_github_MitjaNemec_PlaceFootprints.place_footprints 156:Footprint U8 on root level
05-05 06:12:51 com_github_MitjaNemec_PlaceFootprints.place_footprints 156:Footprint U7 on root level
05-05 06:12:51 com_github_MitjaNemec_PlaceFootprints.place_footprints 156:Footprint U6 on root level
05-05 06:12:51 com_github_MitjaNemec_PlaceFootprints.place_footprints 156:Footprint U5 on root level
05-05 06:12:51 com_github_MitjaNemec_PlaceFootprints.place_footprints 156:Footprint U4 on root level
05-05 06:12:51 com_github_MitjaNemec_PlaceFootprints.place_footprints 156:Footprint U3 on root level
05-05 06:12:51 com_github_MitjaNemec_PlaceFootprints.place_footprints 156:Footprint U2 on root level
05-05 06:12:51 com_github_MitjaNemec_PlaceFootprints.place_footprints 156:Footprint U1 on root level
05-05 06:12:51 com_github_MitjaNemec_PlaceFootprints.place_footprints 156:Footprint R26 on root level
05-05 06:12:51 com_github_MitjaNemec_PlaceFootprints.place_footprints 156:Footprint R25 on root level
05-05 06:12:51 com_github_MitjaNemec_PlaceFootprints.place_footprints 156:Footprint R24 on root level
05-05 06:12:51 com_github_MitjaNemec_PlaceFootprints.place_footprints 156:Footprint R23 on root level
05-05 06:12:51 com_github_MitjaNemec_PlaceFootprints.place_footprints 156:Footprint R10 on root level
05-05 06:12:51 com_github_MitjaNemec_PlaceFootprints.place_footprints 156:Footprint R9 on root level
05-05 06:12:51 com_github_MitjaNemec_PlaceFootprints.place_footprints 156:Footprint R8 on root level
05-05 06:12:51 com_github_MitjaNemec_PlaceFootprints.place_footprints 156:Footprint R7 on root level
05-05 06:12:51 com_github_MitjaNemec_PlaceFootprints.place_footprints 156:Footprint R6 on root level
05-05 06:12:51 com_github_MitjaNemec_PlaceFootprints.place_footprints 156:Footprint R5 on root level
05-05 06:12:51 com_github_MitjaNemec_PlaceFootprints.place_footprints 156:Footprint R4 on root level
05-05 06:12:51 com_github_MitjaNemec_PlaceFootprints.place_footprints 156:Footprint R3 on root level
05-05 06:12:51 com_github_MitjaNemec_PlaceFootprints.place_footprints 156:Footprint R2 on root level
05-05 06:12:51 com_github_MitjaNemec_PlaceFootprints.place_footprints 156:Footprint R1 on root level
05-05 06:12:51 com_github_MitjaNemec_PlaceFootprints.place_footprints 156:Footprint L5 on root level
05-05 06:12:51 com_github_MitjaNemec_PlaceFootprints.place_footprints 156:Footprint L4 on root level
05-05 06:12:51 com_github_MitjaNemec_PlaceFootprints.place_footprints 156:Footprint J8 on root level
05-05 06:12:51 com_github_MitjaNemec_PlaceFootprints.place_footprints 156:Footprint J7 on root level
05-05 06:12:51 com_github_MitjaNemec_PlaceFootprints.place_footprints 156:Footprint J6 on root level
05-05 06:12:51 com_github_MitjaNemec_PlaceFootprints.place_footprints 156:Footprint J5 on root level
05-05 06:12:51 com_github_MitjaNemec_PlaceFootprints.place_footprints 156:Footprint J4 on root level
05-05 06:12:51 com_github_MitjaNemec_PlaceFootprints.place_footprints 156:Footprint J3 on root level
05-05 06:12:51 com_github_MitjaNemec_PlaceFootprints.place_footprints 156:Footprint J2 on root level
05-05 06:12:51 com_github_MitjaNemec_PlaceFootprints.place_footprints 156:Footprint J1 on root level
05-05 06:12:51 com_github_MitjaNemec_PlaceFootprints.place_footprints 156:Footprint IC1 on root level
05-05 06:12:51 com_github_MitjaNemec_PlaceFootprints.place_footprints 156:Footprint D1 on root level
05-05 06:12:51 com_github_MitjaNemec_PlaceFootprints.place_footprints 156:Footprint C52 on root level
05-05 06:12:51 com_github_MitjaNemec_PlaceFootprints.place_footprints 156:Footprint C51 on root level
05-05 06:12:51 com_github_MitjaNemec_PlaceFootprints.place_footprints 156:Footprint C50 on root level
05-05 06:12:51 com_github_MitjaNemec_PlaceFootprints.place_footprints 156:Footprint C49 on root level
05-05 06:12:51 com_github_MitjaNemec_PlaceFootprints.place_footprints 156:Footprint C48 on root level
05-05 06:12:51 com_github_MitjaNemec_PlaceFootprints.place_footprints 156:Footprint C47 on root level
05-05 06:12:51 com_github_MitjaNemec_PlaceFootprints.place_footprints 156:Footprint C46 on root level
05-05 06:12:51 com_github_MitjaNemec_PlaceFootprints.place_footprints 156:Footprint C45 on root level
05-05 06:12:51 com_github_MitjaNemec_PlaceFootprints.place_footprints 156:Footprint C44 on root level
05-05 06:12:51 com_github_MitjaNemec_PlaceFootprints.place_footprints 156:Footprint C43 on root level
05-05 06:12:51 com_github_MitjaNemec_PlaceFootprints.place_footprints 156:Footprint C42 on root level
05-05 06:12:51 com_github_MitjaNemec_PlaceFootprints.place_footprints 156:Footprint C41 on root level
05-05 06:12:51 com_github_MitjaNemec_PlaceFootprints.place_footprints 156:Footprint C40 on root level
05-05 06:12:51 com_github_MitjaNemec_PlaceFootprints.place_footprints 156:Footprint C39 on root level
05-05 06:12:51 com_github_MitjaNemec_PlaceFootprints.place_footprints 156:Footprint C38 on root level
05-05 06:12:51 com_github_MitjaNemec_PlaceFootprints.place_footprints 156:Footprint C37 on root level
05-05 06:12:51 com_github_MitjaNemec_PlaceFootprints.place_footprints 156:Footprint C36 on root level
05-05 06:12:51 com_github_MitjaNemec_PlaceFootprints.place_footprints 156:Footprint C19 on root level
05-05 06:12:51 com_github_MitjaNemec_PlaceFootprints.place_footprints 156:Footprint C18 on root level
05-05 06:12:51 com_github_MitjaNemec_PlaceFootprints.place_footprints 156:Footprint C17 on root level
05-05 06:12:51 com_github_MitjaNemec_PlaceFootprints.place_footprints 156:Footprint C16 on root level
05-05 06:12:51 com_github_MitjaNemec_PlaceFootprints.place_footprints 156:Footprint C15 on root level
05-05 06:12:51 com_github_MitjaNemec_PlaceFootprints.place_footprints 156:Footprint C14 on root level
05-05 06:12:51 com_github_MitjaNemec_PlaceFootprints.place_footprints 156:Footprint C13 on root level
05-05 06:12:51 com_github_MitjaNemec_PlaceFootprints.place_footprints 156:Footprint C12 on root level
05-05 06:12:51 com_github_MitjaNemec_PlaceFootprints.place_footprints 156:Footprint C11 on root level
05-05 06:12:51 com_github_MitjaNemec_PlaceFootprints.place_footprints 156:Footprint C10 on root level
05-05 06:12:51 com_github_MitjaNemec_PlaceFootprints.place_footprints 156:Footprint C9 on root level
05-05 06:12:51 com_github_MitjaNemec_PlaceFootprints.place_footprints 156:Footprint C8 on root level
05-05 06:12:51 com_github_MitjaNemec_PlaceFootprints.place_footprints 156:Footprint C7 on root level
05-05 06:12:51 com_github_MitjaNemec_PlaceFootprints.place_footprints 156:Footprint C6 on root level
05-05 06:12:51 com_github_MitjaNemec_PlaceFootprints.place_footprints 156:Footprint C5 on root level
05-05 06:12:51 com_github_MitjaNemec_PlaceFootprints.place_footprints 156:Footprint C4 on root level
05-05 06:12:51 com_github_MitjaNemec_PlaceFootprints.place_footprints 156:Footprint C3 on root level
05-05 06:12:51 com_github_MitjaNemec_PlaceFootprints.place_footprints 156:Footprint C2 on root level
05-05 06:12:51 com_github_MitjaNemec_PlaceFootprints.place_footprints 156:Footprint C1 on root level
05-05 06:12:51 com_github_MitjaNemec_PlaceFootprints.place_footprints 156:Footprint H1 on root level
05-05 06:12:51 com_github_MitjaNemec_PlaceFootprints.place_footprints 156:Footprint H4 on root level
05-05 06:12:51 com_github_MitjaNemec_PlaceFootprints.place_footprints 156:Footprint H2 on root level
05-05 06:12:51 com_github_MitjaNemec_PlaceFootprints.place_footprints 156:Footprint H3 on root level
05-05 06:12:51 com_github_MitjaNemec_PlaceFootprints.action_place_footprints 717:Reference footprint='U1'
05-05 06:12:57 com_github_MitjaNemec_PlaceFootprints.action_place_footprints 858:Reference designator is: U
05-05 06:12:57 com_github_MitjaNemec_PlaceFootprints.action_place_footprints 859:Reference number is: 1
05-05 06:12:57 com_github_MitjaNemec_PlaceFootprints.action_place_footprints 891:Sorted and filtered list:
['U1', 'U2', 'U3', 'U4', 'U5', 'U6', 'U7', 'U8']
05-05 06:12:57 com_github_MitjaNemec_PlaceFootprints.action_place_footprints 376:wx.Colour(32, 32, 32, 255)
05-05 06:13:01 com_github_MitjaNemec_PlaceFootprints.action_place_footprints 507:''
05-05 06:13:02 com_github_MitjaNemec_PlaceFootprints.action_place_footprints 507:''
05-05 06:13:09 com_github_MitjaNemec_PlaceFootprints.action_place_footprints 507:'5'
05-05 06:13:09 com_github_MitjaNemec_PlaceFootprints.action_place_footprints 553:Preparing config for reference linear
05-05 06:13:09 com_github_MitjaNemec_PlaceFootprints.action_place_footprints 573:Saving config file
05-05 06:13:09 com_github_MitjaNemec_PlaceFootprints.action_place_footprints 575:Saved the config file
05-05 06:13:09 com_github_MitjaNemec_PlaceFootprints.action_place_footprints 929:Footprints to place:
['U1', 'U2', 'U3', 'U4', 'U5', 'U6', 'U7', 'U8']
05-05 06:13:09 com_github_MitjaNemec_PlaceFootprints.place_footprints 396:Starting placing with linear layout
05-05 06:13:09 com_github_MitjaNemec_PlaceFootprints.action_place_footprints 973:Fatal error when executing place footprints
Traceback (most recent call last):
  File "C:\Users\Asraful\Documents\KiCad\10.0\3rdparty\\plugins\com_github_MitjaNemec_PlaceFootprints\action_place_footprints.py", line 968, in Run
    placer.place_linear(footprints_to_place, ref_fp_ref, step_x, step_y, step, rotation,
  File "C:\Users\Asraful\Documents\KiCad\10.0\3rdparty\\plugins\com_github_MitjaNemec_PlaceFootprints\place_footprints.py", line 423, in place_linear
    self.replicate_fp_text_items(ref_fp, fp)
  File "C:\Users\Asraful\Documents\KiCad\10.0\3rdparty\\plugins\com_github_MitjaNemec_PlaceFootprints\place_footprints.py", line 500, in replicate_fp_text_items
    raise LookupError(
LookupError: Footprint: U2 has different number of text items (3)
than selected footprint: U1 (2)
